<?xml version="1.0" encoding="UTF-8"?>
<testng-results skipped="0" failed="0" ignored="0" total="1" passed="1">
  <reporter-output>
  </reporter-output>
  <suite name="Default suite" duration-ms="17419" started-at="2022-04-16T15:48:22 IST" finished-at="2022-04-16T15:48:39 IST">
    <groups>
    </groups>
    <test name="Default test" duration-ms="17419" started-at="2022-04-16T15:48:22 IST" finished-at="2022-04-16T15:48:39 IST">
      <class name="com.salesforce.CreateTrialAccount">
        <test-method status="PASS" signature="loginTest()[pri:0, instance:com.salesforce.CreateTrialAccount@2bbf4b8b]" name="loginTest" duration-ms="17377" started-at="2022-04-16T15:48:22 IST" finished-at="2022-04-16T15:48:39 IST">
          <reporter-output>
          </reporter-output>
        </test-method> <!-- loginTest -->
      </class> <!-- com.salesforce.CreateTrialAccount -->
    </test> <!-- Default test -->
  </suite> <!-- Default suite -->
</testng-results>
